BG_BEDROOM_02S:BG_BEDROOM_01S,611,322
BG_BEDROOM_02W:BG_BEDROOM_01W,979,517
BG_BEDROOM_03S:BG_BEDROOM_01S,0,460
BG_BEDROOM_03W:BG_BEDROOM_01W,0,736
BG_BEDROOM_04S:BG_BEDROOM_01S,0,354
BG_BEDROOM_04W:BG_BEDROOM_01W,0,566
BG_BEDROOM_05S:BG_BEDROOM_01S,611,76
BG_BEDROOM_05W:BG_BEDROOM_01W,979,123
BG_BEDROOM_06:BG_BEDROOM_01,828,95
BG_BEDROOM_06S:BG_BEDROOM_01S,663,76
BG_BEDROOM_06W:BG_BEDROOM_01W,1060,123
BG_BEDROOM_07S:BG_BEDROOM_01S,682,61
BG_BEDROOM_07W:BG_BEDROOM_01W,1092,97
BG_BEDROOM_08S:BG_BEDROOM_01S,0,76
BG_BEDROOM_08W:BG_BEDROOM_01W,0,123
BG_BEDROOM_09S:BG_BEDROOM_01S,611,76
BG_BEDROOM_09W:BG_BEDROOM_01W,979,123
BG_BEDROOM_10W:BG_BEDROOM_01W,979,517
BG_DOMITORY_ROOM_03S:BG_DOMITORY_ROOM_01S,0,0
BG_DOMITORY_ROOM_03W:BG_DOMITORY_ROOM_01W,0,0
BG_EDO_ROOM_03:BG_EDO_ROOM_01,0,0
BG_EDO_ROOM_03S:BG_EDO_ROOM_01S,0,0
BG_KENKYUJYO_ROUKA02_04:BG_KENKYUJYO_ROUKA02_02,971,179
BG_KENKYUJYO_ROUKA02_04W:BG_KENKYUJYO_ROUKA02_02W,1242,230
BG_MONO_03S:BG_MONO_02S,594,538
BG_MONO_03W:BG_MONO_02W,952,861
BG_UNDERGROUND02_03S:BG_UNDERGROUND02_02S,171,0
BG_UNDERGROUND02_03W:BG_UNDERGROUND02_02W,276,0
CHAPTEREND_FRAN_09:CHAPTEREND_FRAN_08,855,573
CHAPTEREND_FRAN_10:CHAPTEREND_FRAN_08,855,573
CHAPTEREND_FRAN_11:CHAPTEREND_FRAN_08,855,573
CHAPTEREND_FRAN_12:CHAPTEREND_FRAN_08,855,573
CHAPTEREND_FRAN_13:CHAPTEREND_FRAN_08,650,573
CHAPTEREND_FRAN_14A:CHAPTEREND_FRAN_08,675,573
CHAPTEREND_FRAN_14B:CHAPTEREND_FRAN_08,679,573
CHAPTEREND_FRAN_14C:CHAPTEREND_FRAN_08,855,573
CHAPTEREND_FRAN_15A:CHAPTEREND_FRAN_08,855,572
CHAPTEREND_FRAN_15B:CHAPTEREND_FRAN_08,855,572
CHAPTEREND_KEI_09:CHAPTEREND_KEI_08,855,573
CHAPTEREND_KEI_10:CHAPTEREND_KEI_08,855,573
CHAPTEREND_KEI_11:CHAPTEREND_KEI_08,855,573
CHAPTEREND_KEI_12:CHAPTEREND_KEI_08,855,573
CHAPTEREND_KEI_13:CHAPTEREND_KEI_08,855,573
CHAPTEREND_KEI_14A:CHAPTEREND_KEI_08,855,573
CHAPTEREND_KEI_14B:CHAPTEREND_KEI_08,855,573
CHAPTEREND_KEI_14C:CHAPTEREND_KEI_08,855,573
CHAPTEREND_KYOTSU_01:CHAPTEREND_KEI_08,855,573
CHAPTEREND_KYOTSU_02:CHAPTEREND_KEI_08,855,573
CHAPTEREND_KYOTSU_03:CHAPTEREND_KEI_08,855,573
CHAPTEREND_KYOTSU_04:CHAPTEREND_KEI_08,855,573
CHAPTEREND_KYOTSU_05:CHAPTEREND_KEI_08,855,572
CHAPTEREND_KYOTSU_06:CHAPTEREND_KEI_08,855,573
CHAPTEREND_KYOTSU_07:CHAPTEREND_KEI_08,855,573
CHAPTEREND_SAKURA_09:CHAPTEREND_SAKURA_08,855,573
CHAPTEREND_SAKURA_10:CHAPTEREND_SAKURA_08,855,573
CHAPTEREND_SAKURA_11:CHAPTEREND_SAKURA_08,855,573
CHAPTEREND_SAKURA_12:CHAPTEREND_SAKURA_08,855,573
CHAPTEREND_SAKURA_13:CHAPTEREND_SAKURA_08,855,573
CHAPTEREND_SAKURA_14A:CHAPTEREND_SAKURA_08,855,573
CHAPTEREND_SAKURA_14B:CHAPTEREND_SAKURA_08,855,573
CHAPTEREND_SAKURA_14C:CHAPTEREND_SAKURA_08,855,573
CHAPTERSTART_FRAN_09:CHAPTERSTART_FRAN_08,443,214
CHAPTERSTART_FRAN_10:CHAPTERSTART_FRAN_08,443,214
CHAPTERSTART_FRAN_11:CHAPTERSTART_FRAN_08,336,214
CHAPTERSTART_FRAN_12:CHAPTERSTART_FRAN_08,336,214
CHAPTERSTART_FRAN_13:CHAPTERSTART_FRAN_08,336,214
CHAPTERSTART_FRAN_14A:CHAPTERSTART_FRAN_08,336,214
CHAPTERSTART_FRAN_14B:CHAPTERSTART_FRAN_08,336,214
CHAPTERSTART_FRAN_14C:CHAPTERSTART_FRAN_08,336,214
CHAPTERSTART_FRAN_15A:CHAPTERSTART_FRAN_08,336,213
CHAPTERSTART_FRAN_15B:CHAPTERSTART_FRAN_08,336,213
CHAPTERSTART_KEI_09:CHAPTERSTART_KEI_08,443,214
CHAPTERSTART_KEI_10:CHAPTERSTART_KEI_08,443,214
CHAPTERSTART_KEI_11:CHAPTERSTART_KEI_08,336,214
CHAPTERSTART_KEI_12:CHAPTERSTART_KEI_08,336,214
CHAPTERSTART_KEI_13:CHAPTERSTART_KEI_08,336,214
CHAPTERSTART_KEI_14A:CHAPTERSTART_KEI_08,336,214
CHAPTERSTART_KEI_14B:CHAPTERSTART_KEI_08,336,214
CHAPTERSTART_KEI_14C:CHAPTERSTART_KEI_08,336,214
CHAPTERSTART_KYOTSU_02:CHAPTERSTART_KYOTSU_01,445,219
CHAPTERSTART_KYOTSU_03:CHAPTERSTART_KYOTSU_01,445,216
CHAPTERSTART_KYOTSU_04:CHAPTERSTART_KYOTSU_01,446,214
CHAPTERSTART_KYOTSU_05:CHAPTERSTART_KYOTSU_01,378,213
CHAPTERSTART_KYOTSU_06:CHAPTERSTART_KYOTSU_01,444,215
CHAPTERSTART_KYOTSU_07:CHAPTERSTART_KYOTSU_01,446,216
CHAPTERSTART_SAKURA_09:CHAPTERSTART_SAKURA_08,443,214
CHAPTERSTART_SAKURA_10:CHAPTERSTART_SAKURA_08,443,214
CHAPTERSTART_SAKURA_11:CHAPTERSTART_SAKURA_08,336,214
CHAPTERSTART_SAKURA_12:CHAPTERSTART_SAKURA_08,336,214
CHAPTERSTART_SAKURA_13:CHAPTERSTART_SAKURA_08,336,214
CHAPTERSTART_SAKURA_14A:CHAPTERSTART_SAKURA_08,336,214
CHAPTERSTART_SAKURA_14B:CHAPTERSTART_SAKURA_08,336,214
CHAPTERSTART_SAKURA_14C:CHAPTERSTART_SAKURA_08,336,214
EV_FRAN_01B:EV_FRAN_01A,889,102
EV_FRAN_01C:EV_FRAN_01A,889,110
EV_FRAN_01D:EV_FRAN_01A,885,112
EV_FRAN_03C:EV_FRAN_03A,700,54
EV_FRAN_03E:EV_FRAN_03A,690,50
EV_FRAN_03F:EV_FRAN_03A,700,257
EV_FRAN_03H:EV_FRAN_03A,690,49
EV_FRAN_03I:EV_FRAN_03A,690,49
EV_FRAN_03J:EV_FRAN_03A,690,255
EV_FRAN_04B:EV_FRAN_04A,407,81
EV_FRAN_04C:EV_FRAN_04A,406,81
EV_FRAN_04E:EV_FRAN_04A,406,81
EV_FRAN_04F:EV_FRAN_04A,419,118
EV_FRAN_04G:EV_FRAN_04A,419,118
EV_FRAN_04H:EV_FRAN_04A,407,81
EV_FRAN_04I:EV_FRAN_04A,419,118
EV_FRAN_04J:EV_FRAN_04A,406,81
EV_FRAN_04K:EV_FRAN_04A,406,81
EV_FRAN_04L:EV_FRAN_04A,399,81
EV_FRAN_04M:EV_FRAN_04A,399,81
EV_FRAN_04N:EV_FRAN_04A,419,118
EV_FRAN_04O:EV_FRAN_04A,407,81
EV_FRAN_04Q:EV_FRAN_04A,419,118
EV_FRAN_04R:EV_FRAN_04A,407,81
EV_FRAN_04S:EV_FRAN_04A,419,118
EV_FRAN_04T:EV_FRAN_04A,419,118
EV_FRAN_04U:EV_FRAN_04A,406,81
EV_FRAN_04V:EV_FRAN_04A,419,118
EV_FRAN_05C:EV_FRAN_05B,333,193
EV_FRAN_05D:EV_FRAN_05B,333,170
EV_FRAN_05E:EV_FRAN_05B,688,170
EV_FRAN_05F:EV_FRAN_05B,707,187
EV_FRAN_05G:EV_FRAN_05B,333,193
EV_FRAN_05H:EV_FRAN_05B,333,170
EV_FRAN_05I:EV_FRAN_05B,688,170
EV_FRAN_05J:EV_FRAN_05B,688,170
EV_FRAN_05K:EV_FRAN_05B,316,147
EV_FRAN_05L:EV_FRAN_05B,298,144
EV_FRAN_05M:EV_FRAN_05B,298,144
EV_FRAN_05N:EV_FRAN_05B,298,144
EV_FRAN_05O:EV_FRAN_05B,298,144
EV_FRAN_05P:EV_FRAN_05B,298,144
EV_FRAN_06B:EV_FRAN_06A,722,133
EV_FRAN_07B:EV_FRAN_07A,409,111
EV_FRAN_07C:EV_FRAN_07A,424,128
EV_FRAN_07D:EV_FRAN_07A,753,44
EV_FRAN_07E:EV_FRAN_07A,122,44
EV_FRAN_07F:EV_FRAN_07A,55,58
EV_FRAN_07G:EV_FRAN_07A,55,113
EV_FRAN_07H:EV_FRAN_07A,55,128
EV_FRAN_07I:EV_FRAN_07A,55,113
EV_FRAN_07J:EV_FRAN_07A,399,113
EV_FRAN_07K:EV_FRAN_07A,399,58
EV_FRAN_07L:EV_FRAN_07A,399,113
EV_FRAN_07M:EV_FRAN_07A,753,44
EV_FRAN_07N:EV_FRAN_07A,424,55
EV_FRAN_07O:EV_FRAN_07A,424,25
EV_FRAN_07P:EV_FRAN_07A,409,25
EV_FRAN_07Q:EV_FRAN_07A,122,44
EV_FRAN_07R:EV_FRAN_07A,122,44
EV_FRAN_07S:EV_FRAN_07A,122,44
EV_FRAN_07T:EV_FRAN_07A,424,58
EV_FRAN_07U:EV_FRAN_07A,122,25
EV_FRAN_07V:EV_FRAN_07A,988,58
EV_FRAN_08B:EV_FRAN_08A,367,235
EV_FRAN_08C:EV_FRAN_08A,367,235
EV_FRAN_08D:EV_FRAN_08A,367,69
EV_FRAN_08E:EV_FRAN_08A,367,68
EV_FRAN_08F:EV_FRAN_08A,366,252
EV_FRAN_08G:EV_FRAN_08A,366,67
EV_FRAN_08H:EV_FRAN_08A,367,67
EV_FRAN_08I:EV_FRAN_08A,367,235
EV_FRAN_08J:EV_FRAN_08A,337,69
EV_FRAN_08K:EV_FRAN_08A,337,69
EV_FRAN_08L:EV_FRAN_08A,337,69
EV_FRAN_08M:EV_FRAN_08A,367,69
EV_FRAN_08N:EV_FRAN_08A,337,69
EV_FRAN_08O:EV_FRAN_08A,337,69
EV_FRAN_08P:EV_FRAN_08A,844,67
EV_FRAN_09B:EV_FRAN_09A,413,69
EV_FRAN_09C:EV_FRAN_09A,348,69
EV_FRAN_09D:EV_FRAN_09A,413,69
EV_FRAN_09E:EV_FRAN_09A,348,69
EV_FRAN_09F:EV_FRAN_09A,348,69
EV_FRAN_11B:EV_FRAN_11A,965,275
EV_FRAN_11C:EV_FRAN_11A,149,121
EV_FRAN_11E:EV_FRAN_11A,149,121
EV_FRAN_11F:EV_FRAN_11A,163,134
EV_FRAN_11G:EV_FRAN_11A,163,134
EV_FRAN_11H:EV_FRAN_11A,149,121
EV_FRAN_11I:EV_FRAN_11A,150,119
EV_FRAN_11J:EV_FRAN_11A,149,121
EV_FRAN_E01B:EV_FRAN_E01A,551,190
EV_FRAN_E01C:EV_FRAN_E01A,586,216
EV_FRAN_E01D:EV_FRAN_E01A,586,154
EV_FRAN_E01E:EV_FRAN_E01A,586,216
EV_FRAN_E01F:EV_FRAN_E01A,551,184
EV_FRAN_E01G:EV_FRAN_E01A,586,145
EV_FRAN_E01H:EV_FRAN_E01A,555,145
EV_FRAN_E01I:EV_FRAN_E01A,551,145
EV_FRAN_E01K:EV_FRAN_E01A,550,190
EV_FRAN_E01L:EV_FRAN_E01A,550,154
EV_FRAN_H01B:EV_FRAN_H01A,291,61
EV_FRAN_H01C:EV_FRAN_H01A,291,61
EV_FRAN_H01D:EV_FRAN_H01A,290,61
EV_FRAN_H01E:EV_FRAN_H01A,291,61
EV_FRAN_H01F:EV_FRAN_H01A,289,237
EV_FRAN_H01G:EV_FRAN_H01A,289,61
EV_FRAN_H01H:EV_FRAN_H01A,291,43
EV_FRAN_H01I:EV_FRAN_H01A,290,43
EV_FRAN_H01J:EV_FRAN_H01A,291,43
EV_FRAN_H02B:EV_FRAN_H02A,893,57
EV_FRAN_H02C:EV_FRAN_H02A,893,57
EV_FRAN_H02D:EV_FRAN_H02A,893,57
EV_FRAN_H02E:EV_FRAN_H02A,893,57
EV_FRAN_H02F:EV_FRAN_H02A,893,57
EV_FRAN_H02G:EV_FRAN_H02A,364,57
EV_FRAN_H02H:EV_FRAN_H02A,364,57
EV_FRAN_H02I:EV_FRAN_H02A,364,118
EV_FRAN_H03B:EV_FRAN_H03A,0,0
EV_FRAN_H03C:EV_FRAN_H03A,493,176
EV_FRAN_H04B:EV_FRAN_H04A,0,0
EV_FRAN_H04C:EV_FRAN_H04A,0,0
EV_FRAN_H04D:EV_FRAN_H04A,0,0
EV_FRAN_H04F:EV_FRAN_H04A,0,0
EV_FRAN_H04G:EV_FRAN_H04A,0,0
EV_FRAN_H04H:EV_FRAN_H04A,0,0
EV_FRAN_H04I:EV_FRAN_H04A,0,0
EV_FRAN_H04J:EV_FRAN_H04A,0,0
EV_FRAN_H04K:EV_FRAN_H04A,0,0
EV_FRAN_H04L:EV_FRAN_H04A,0,0
EV_FRAN_H04M:EV_FRAN_H04A,0,0
EV_FRAN_H05B:EV_FRAN_H05A,181,326
EV_FRAN_H05C:EV_FRAN_H05A,181,326
EV_FRAN_H05D:EV_FRAN_H05A,181,326
EV_FRAN_H06B:EV_FRAN_H06A,0,0
EV_FRAN_H06D:EV_FRAN_H06C,473,94
EV_FRAN_H06E:EV_FRAN_H06C,473,94
EV_FRAN_H06F:EV_FRAN_H06C,205,0
EV_FRAN_H06G:EV_FRAN_H06C,205,0
EV_FRAN_H06H:EV_FRAN_H06C,205,0
EV_FRAN_H06I:EV_FRAN_H06C,205,0
EV_FRAN_H06J:EV_FRAN_H06C,205,0
EV_FRAN_H06K:EV_FRAN_H06C,205,0
EV_FRAN_H06L:EV_FRAN_H06C,205,0
EV_FRAN_H07C:EV_FRAN_H07A,797,149
EV_FRAN_H07D:EV_FRAN_H07A,0,107
EV_FRAN_H07E:EV_FRAN_H07A,0,148
EV_FRAN_H07F:EV_FRAN_H07A,540,107
EV_FRAN_H07G:EV_FRAN_H07A,85,149
EV_FRAN_H07H:EV_FRAN_H07A,85,149
EV_FRAN_H07J:EV_FRAN_H07A,85,149
EV_FRAN_H07K:EV_FRAN_H07A,85,141
EV_FRAN_H07L:EV_FRAN_H07A,85,149
EV_FRAN_H07M:EV_FRAN_H07A,0,148
EV_FRAN_H07N:EV_FRAN_H07A,0,148
EV_FRAN_H07O:EV_FRAN_H07A,85,149
EV_FRAN_H08B:EV_FRAN_H08A,253,321
EV_FRAN_H08C:EV_FRAN_H08A,406,488
EV_FRAN_H08D:EV_FRAN_H08A,253,321
EV_FRAN_H08E:EV_FRAN_H08A,253,321
EV_FRAN_H08F:EV_FRAN_H08A,253,321
EV_FRAN_H08H:EV_FRAN_H08G,319,231
EV_FRAN_H08I:EV_FRAN_H08G,321,223
EV_FRAN_H08J:EV_FRAN_H08G,321,223
EV_FRAN_H08K:EV_FRAN_H08G,311,231
EV_FRAN_H09B:EV_FRAN_H09A,726,113
EV_FRAN_H09C:EV_FRAN_H09A,0,0
EV_FRAN_H09D:EV_FRAN_H09A,0,0
EV_FRAN_H09F:EV_FRAN_H09A,0,0
EV_FRAN_H09G:EV_FRAN_H09A,726,104
EV_FRAN_H09H:EV_FRAN_H09A,0,0
EV_FRAN_H09I:EV_FRAN_H09A,0,0
EV_FRAN_H09J:EV_FRAN_H09A,0,0
EV_FRAN_H10B:EV_FRAN_H10A,305,174
EV_FRAN_H10C:EV_FRAN_H10A,760,288
EV_FRAN_H10D:EV_FRAN_H10A,209,72
EV_FRAN_H10E:EV_FRAN_H10A,224,103
EV_FRAN_H10F:EV_FRAN_H10A,209,72
EV_FRAN_H10G:EV_FRAN_H10A,224,103
EV_FRAN_H10H:EV_FRAN_H10A,217,103
EV_FRAN_H10I:EV_FRAN_H10A,224,0
EV_FRAN_H10J:EV_FRAN_H10A,209,0
EV_FRAN_H10K:EV_FRAN_H10A,224,0
EV_FRAN_H11B:EV_FRAN_H11A,896,89
EV_FRAN_H11C:EV_FRAN_H11A,900,89
EV_FRAN_H11D:EV_FRAN_H11A,891,100
EV_FRAN_H11E:EV_FRAN_H11A,900,102
EV_FRAN_H11F:EV_FRAN_H11A,900,89
EV_FRAN_H11G:EV_FRAN_H11A,890,89
EV_FRAN_H11I:EV_FRAN_H11H,874,90
EV_FRAN_H11J:EV_FRAN_H11H,891,100
EV_FRAN_H11K:EV_FRAN_H11H,891,90
EV_FRAN_H11L:EV_FRAN_H11H,890,90
EV_FRAN_H12B:EV_FRAN_H12A,595,92
EV_FRAN_H12C:EV_FRAN_H12A,328,92
EV_FRAN_H12D:EV_FRAN_H12A,328,91
EV_FRAN_H12G:EV_FRAN_H12A,89,0
EV_FRAN_H12H:EV_FRAN_H12A,89,0
EV_FRAN_H12I:EV_FRAN_H12A,89,0
EV_FRAN_H12J:EV_FRAN_H12A,89,0
EV_FRAN_H12K:EV_FRAN_H12A,89,0
EV_FRAN_H12L:EV_FRAN_H12A,328,88
EV_FRAN_H12M:EV_FRAN_H12A,328,91
EV_FRAN_H13B:EV_FRAN_H13A,670,73
EV_FRAN_H13C:EV_FRAN_H13A,676,72
EV_KEI_01B:EV_KEI_01A,696,123
EV_KEI_01C:EV_KEI_01A,667,123
EV_KEI_03B:EV_KEI_03A,808,155
EV_KEI_04B:EV_KEI_04A,470,220
EV_KEI_05B:EV_KEI_05A,512,39
EV_KEI_06B:EV_KEI_06A,283,111
EV_KEI_06C:EV_KEI_06A,287,120
EV_KEI_06D:EV_KEI_06A,287,120
EV_KEI_06E:EV_KEI_06A,287,120
EV_KEI_06F:EV_KEI_06A,288,120
EV_KEI_06G:EV_KEI_06A,288,120
EV_KEI_07B:EV_KEI_07A,715,336
EV_KEI_07C:EV_KEI_07A,702,147
EV_KEI_07D:EV_KEI_07A,702,147
EV_KEI_07E:EV_KEI_07A,702,147
EV_KEI_08B:EV_KEI_08A,433,99
EV_KEI_08C:EV_KEI_08A,433,101
EV_KEI_09C:EV_KEI_09A,411,0
EV_KEI_09G:EV_KEI_09A,411,0
EV_KEI_E01B:EV_KEI_E01A,254,75
EV_KEI_E01C:EV_KEI_E01A,516,115
EV_KEI_E01D:EV_KEI_E01A,530,118
EV_KEI_E01E:EV_KEI_E01A,516,115
EV_KEI_E01F:EV_KEI_E01A,254,75
EV_KEI_E01G:EV_KEI_E01A,254,75
EV_KEI_E01H:EV_KEI_E01A,254,75
EV_KEI_H01B:EV_KEI_H01A,434,207
EV_KEI_H01C:EV_KEI_H01A,438,207
EV_KEI_H01D:EV_KEI_H01A,440,207
EV_KEI_H01E:EV_KEI_H01A,440,207
EV_KEI_H02B:EV_KEI_H02A,886,72
EV_KEI_H02C:EV_KEI_H02A,890,72
EV_KEI_H02D:EV_KEI_H02A,903,103
EV_KEI_H02E:EV_KEI_H02A,886,72
EV_KEI_H02F:EV_KEI_H02A,890,72
EV_KEI_H02G:EV_KEI_H02A,886,103
EV_KEI_H02H:EV_KEI_H02A,886,160
EV_KEI_H03B:EV_KEI_H03A,0,0
EV_KEI_H03C:EV_KEI_H03A,0,0
EV_KEI_H03D:EV_KEI_H03A,0,0
EV_KEI_H03E:EV_KEI_H03A,0,0
EV_KEI_H03F:EV_KEI_H03A,0,0
EV_KEI_H04C:EV_KEI_H04B,283,99
EV_KEI_H04D:EV_KEI_H04B,280,99
EV_KEI_H04E:EV_KEI_H04B,0,0
EV_KEI_H04F:EV_KEI_H04B,0,0
EV_KEI_H04G:EV_KEI_H04B,0,0
EV_KEI_H05B:EV_KEI_H05A,928,142
EV_KEI_H05C:EV_KEI_H05A,925,142
EV_KEI_H05D:EV_KEI_H05A,919,142
EV_KEI_H05E:EV_KEI_H05A,860,142
EV_KEI_H06B:EV_KEI_H06A,618,207
EV_KEI_H06D:EV_KEI_H06C,489,122
EV_KEI_H06E:EV_KEI_H06C,458,130
EV_KEI_H06F:EV_KEI_H06C,461,130
EV_KEI_H07B:EV_KEI_H07A,205,153
EV_KEI_H07C:EV_KEI_H07A,206,153
EV_KEI_H07D:EV_KEI_H07A,208,159
EV_KEI_H07E:EV_KEI_H07A,205,153
EV_KEI_H07F:EV_KEI_H07A,206,153
EV_KEI_H08B:EV_KEI_H08A,813,465
EV_KEI_H08C:EV_KEI_H08A,537,0
EV_KEI_H08D:EV_KEI_H08A,537,0
EV_KEI_H08E:EV_KEI_H08A,537,0
EV_KEI_H08F:EV_KEI_H08A,461,0
EV_KEI_H08G:EV_KEI_H08A,461,0
EV_MARERU_01B:EV_MARERU_01A,218,127
EV_MARERU_01E:EV_MARERU_01D,223,123
EV_MARERU_01F:EV_MARERU_01D,367,247
EV_MARERU_02D:EV_MARERU_02C,213,0
EV_MARERU_03B:EV_MARERU_03A,593,0
EV_MEKA_1604_03B:EV_MEKA_1604_03A,437,403
EV_MEKA_1605_08B:EV_MEKA_1605_08A,84,5
EV_MEKA_3503_01B:EV_MEKA_3503_01A,644,0
EV_MEKA_3503_06C:EV_MEKA_3503_06B,222,0
EV_SAKURA_01B:EV_SAKURA_01A,265,143
EV_SAKURA_01C:EV_SAKURA_01A,269,142
EV_SAKURA_02B:EV_SAKURA_02A,932,326
EV_SAKURA_02C:EV_SAKURA_02A,932,326
EV_SAKURA_03C:EV_SAKURA_03B,993,84
EV_SAKURA_03D:EV_SAKURA_03B,993,81
EV_SAKURA_04B:EV_SAKURA_04A,246,74
EV_SAKURA_04C:EV_SAKURA_04A,286,252
EV_SAKURA_04D:EV_SAKURA_04A,246,74
EV_SAKURA_04E:EV_SAKURA_04A,246,74
EV_SAKURA_04F:EV_SAKURA_04A,246,74
EV_SAKURA_05B:EV_SAKURA_05A,255,84
EV_SAKURA_05C:EV_SAKURA_05A,324,103
EV_SAKURA_05D:EV_SAKURA_05A,261,81
EV_SAKURA_07B:EV_SAKURA_07A,282,116
EV_SAKURA_07C:EV_SAKURA_07A,282,113
EV_SAKURA_07D:EV_SAKURA_07A,282,120
EV_SAKURA_07E:EV_SAKURA_07A,280,104
EV_SAKURA_07F:EV_SAKURA_07A,282,120
EV_SAKURA_07G:EV_SAKURA_07A,282,120
EV_SAKURA_07H:EV_SAKURA_07A,280,104
EV_SAKURA_07I:EV_SAKURA_07A,282,113
EV_SAKURA_07J:EV_SAKURA_07A,282,112
EV_SAKURA_07K:EV_SAKURA_07A,282,120
EV_SAKURA_07L:EV_SAKURA_07A,282,120
EV_SAKURA_08B:EV_SAKURA_08A,614,97
EV_SAKURA_08C:EV_SAKURA_08A,611,97
EV_SAKURA_08D:EV_SAKURA_08A,614,93
EV_SAKURA_08E:EV_SAKURA_08A,641,97
EV_SAKURA_08F:EV_SAKURA_08A,655,232
EV_SAKURA_08G:EV_SAKURA_08A,655,226
EV_SAKURA_09B:EV_SAKURA_09A,420,75
EV_SAKURA_09C:EV_SAKURA_09A,420,75
EV_SAKURA_E01C:EV_SAKURA_E01A,475,0
EV_SAKURA_E01D:EV_SAKURA_E01A,452,126
EV_SAKURA_E01E:EV_SAKURA_E01A,471,126
EV_SAKURA_E01F:EV_SAKURA_E01A,452,0
EV_SAKURA_E01G:EV_SAKURA_E01A,452,126
EV_SAKURA_E01H:EV_SAKURA_E01A,328,0
EV_SAKURA_E01I:EV_SAKURA_E01A,452,126
EV_SAKURA_E01J:EV_SAKURA_E01A,471,0
EV_SAKURA_E01K:EV_SAKURA_E01A,452,0
EV_SAKURA_E01L:EV_SAKURA_E01A,452,126
EV_SAKURA_E01M:EV_SAKURA_E01A,477,126
EV_SAKURA_E01N:EV_SAKURA_E01A,452,126
EV_SAKURA_E01P:EV_SAKURA_E01A,452,126
EV_SAKURA_E01Q:EV_SAKURA_E01A,477,126
EV_SAKURA_E01R:EV_SAKURA_E01A,444,126
EV_SAKURA_E01S:EV_SAKURA_E01A,444,126
EV_SAKURA_E01T:EV_SAKURA_E01A,452,126
EV_SAKURA_H01B:EV_SAKURA_H01A,437,422
EV_SAKURA_H01C:EV_SAKURA_H01A,888,129
EV_SAKURA_H01D:EV_SAKURA_H01A,887,131
EV_SAKURA_H01E:EV_SAKURA_H01A,889,131
EV_SAKURA_H01F:EV_SAKURA_H01A,437,131
EV_SAKURA_H01G:EV_SAKURA_H01A,437,131
EV_SAKURA_H01I:EV_SAKURA_H01H,492,199
EV_SAKURA_H02B:EV_SAKURA_H02A,559,135
EV_SAKURA_H02D:EV_SAKURA_H02C,510,127
EV_SAKURA_H02E:EV_SAKURA_H02C,511,136
EV_SAKURA_H03B:EV_SAKURA_H03A,961,164
EV_SAKURA_H03C:EV_SAKURA_H03A,967,159
EV_SAKURA_H03D:EV_SAKURA_H03A,953,64
EV_SAKURA_H03E:EV_SAKURA_H03A,952,67
EV_SAKURA_H03F:EV_SAKURA_H03A,55,8
EV_SAKURA_H03G:EV_SAKURA_H03A,55,8
EV_SAKURA_H03I:EV_SAKURA_H03H,951,65
EV_SAKURA_H03J:EV_SAKURA_H03H,951,64
EV_SAKURA_H03K:EV_SAKURA_H03H,951,59
EV_SAKURA_H03L:EV_SAKURA_H03H,951,65
EV_SAKURA_H04B:EV_SAKURA_H04A,627,170
EV_SAKURA_H04C:EV_SAKURA_H04A,627,174
EV_SAKURA_H04D:EV_SAKURA_H04A,627,177
EV_SAKURA_H04E:EV_SAKURA_H04A,626,208
EV_SAKURA_H04G:EV_SAKURA_H04F,825,154
EV_SAKURA_H04H:EV_SAKURA_H04F,825,153
EV_SAKURA_H04I:EV_SAKURA_H04F,825,153
EV_SAKURA_H04J:EV_SAKURA_H04F,280,154
EV_SAKURA_H04K:EV_SAKURA_H04F,280,152
EV_SAKURA_H04L:EV_SAKURA_H04F,280,153
EV_SAKURA_H04M:EV_SAKURA_H04F,280,153
EV_SAKURA_H04N:EV_SAKURA_H04F,285,153
EV_SAKURA_H04O:EV_SAKURA_H04F,285,152
EV_SAKURA_H05B:EV_SAKURA_H05A,0,0
EV_SAKURA_H05C:EV_SAKURA_H05A,0,0
EV_SAKURA_H05D:EV_SAKURA_H05A,199,145
EV_SAKURA_H05E:EV_SAKURA_H05A,0,0
EV_SAKURA_H05F:EV_SAKURA_H05A,0,0
EV_SAKURA_H05G:EV_SAKURA_H05A,199,145
EV_SAKURA_H05H:EV_SAKURA_H05A,0,0
EV_SAKURA_H05I:EV_SAKURA_H05A,0,0
EV_SAKURA_H06B:EV_SAKURA_H06A,782,405
EV_SAKURA_H06C:EV_SAKURA_H06A,685,256
EV_SAKURA_H06D:EV_SAKURA_H06A,685,256
EV_SAKURA_H06E:EV_SAKURA_H06A,685,256
EV_SAKURA_H06F:EV_SAKURA_H06A,457,244
EV_SAKURA_H06G:EV_SAKURA_H06A,457,244
EV_SAKURA_H06H:EV_SAKURA_H06A,685,257
EV_SAKURA_H06I:EV_SAKURA_H06A,692,251
EV_SAKURA_H06J:EV_SAKURA_H06A,692,251
EV_SAKURA_H06K:EV_SAKURA_H06A,692,251
EV_SAKURA_H06M:EV_SAKURA_H06A,692,251
EV_SAKURA_H06N:EV_SAKURA_H06A,729,159
EV_SAKURA_H07C:EV_SAKURA_H07B,181,146
EV_SAKURA_H07D:EV_SAKURA_H07B,750,146
EV_SAKURA_H07E:EV_SAKURA_H07B,181,0
EV_SAKURA_H07F:EV_SAKURA_H07B,218,0
EV_SAKURA_H07G:EV_SAKURA_H07B,180,0
EV_SAKURA_H08B:EV_SAKURA_H08A,500,484
EV_SAKURA_H08C:EV_SAKURA_H08A,500,139
EV_SAKURA_H08D:EV_SAKURA_H08A,500,139
EV_SAKURA_H08E:EV_SAKURA_H08A,500,89
EV_SAKURA_H08G:EV_SAKURA_H08F,0,0
EV_SAKURA_H09B:EV_SAKURA_H09A,832,436
EV_SAKURA_H09D:EV_SAKURA_H09C,833,434
EV_SAKURA_H09E:EV_SAKURA_H09C,828,434
EV_SIZERU_02B:EV_SIZERU_02A,213,102
EV_SIZERU_02C:EV_SIZERU_02A,213,102
EV_SIZERU_02D:EV_SIZERU_02A,213,102
EV_SIZERU_02E:EV_SIZERU_02A,213,102
EV_SIZERU_02F:EV_SIZERU_02A,213,102
EV_SIZERU_02G:EV_SIZERU_02A,213,102
EV_SIZERU_02H:EV_SIZERU_02A,207,102
EV_SUB_01B:EV_SUB_01A,885,105
EV_SUB_06B:EV_SUB_06A,207,152
EV_SUB_06C:EV_SUB_06A,207,152
EV_SUB_07B:EV_SUB_07A,594,168
EV_SUB_07C:EV_SUB_07A,594,168
EV_SUB_08B:EV_SUB_08A,0,104
EV_SUB_08C:EV_SUB_08A,914,218
EV_SUB_08D:EV_SUB_08A,384,98
EV_SUB_08E:EV_SUB_08A,384,98
EV_SUB_08F:EV_SUB_08A,384,98
EV_SUB_08H:EV_SUB_08A,375,94
EV_SUB_08I:EV_SUB_08A,375,94
EV_SUB_08K:EV_SUB_08A,379,94
EV_SUB_08L:EV_SUB_08A,379,94
EV_SUB_10B:EV_SUB_10A,722,108
EV_SUB_10C:EV_SUB_10A,737,116
EV_SUB_10D:EV_SUB_10A,0,108
EV_SUB_10E:EV_SUB_10A,0,116
EV_SUB_10G:EV_SUB_10F,722,108
EV_SUB_11B:EV_SUB_11A,710,65
EV_SUB_11C:EV_SUB_11A,333,65
EV_SUB_11D:EV_SUB_11A,484,65
EV_SUB_11E:EV_SUB_11A,333,65
EV_SUB_11F:EV_SUB_11A,332,65
EV_SUB_11G:EV_SUB_11A,332,65
EV_SUB_11H:EV_SUB_11A,333,65
EV_SUB_11K:EV_SUB_11A,333,159
EV_SUB_11L:EV_SUB_11A,332,65
VISUAL_CAUTION:VISUAL_BLACK,203,300
VISUAL_GIGA:VISUAL_BLACK,499,310
