fg_akai_0_2.tjs
fg_akai_0_2_0.tlg,
fg_akai_0_2_1.tlg,
fg_akai_0_2_2.tlg,
fg_akai_0_2_3.tlg,
fg_akai_0_2_4.tlg,
fg_akai_0_2_5.tlg,
fg_akai_0_2_6.tlg,
fg_akai_0_2_7.tlg,
fg_akai_0_2_8.tlg,
fg_akai_0_2_9.tlg,
fg_akai_0_2_10.tlg,
fg_akai_0_2_11.tlg,
fg_akai_0_2_12.tlg,
fg_akai_0_2_13.tlg,
fg_akai_0_2_14.tlg,
fg_akai_0_2_15.tlg,
fg_akai_0_2_16.tlg,
fg_akai_0_2_17.tlg,
fg_akai_0_2_18.tlg,
fg_akai_0_2_19.tlg,
fg_akai_0_2_20.tlg,
fg_akai_0_2_21.tlg,
fg_akai_0_2_22.tlg,
fg_akai_0_2_23.tlg,
fg_akai_0_2_24.tlg,
fg_akai_0_2_25.tlg,
fg_akai_0_2_26.tlg,
fg_akai_0_2_27.tlg,
fg_akai_0_2_28.tlg,
fg_akai_0_2_29.tlg,
fg_akai_0_2_30.tlg,
fg_akai_0_2_31.tlg,
fg_akai_0_2_32.tlg,
fg_akai_0_2_33.tlg,
fg_akai_0_2_34.tlg,
fg_akai_0_2_35.tlg,
fg_akai_0_2_36.tlg,
fg_akai_0_2_37.tlg,
fg_akai_0_2_38.tlg,
fg_akai_0_4.tjs
fg_akai_0_4_0.tlg,
fg_akai_0_4_1.tlg,
fg_akai_0_4_2.tlg,
fg_akai_0_4_3.tlg,
fg_akai_0_4_4.tlg,
fg_akai_0_4_5.tlg,
fg_akai_0_4_6.tlg,
fg_akai_0_4_7.tlg,
fg_akai_0_4_8.tlg,
fg_akai_0_4_9.tlg,
fg_akai_0_4_10.tlg,
fg_akai_0_4_11.tlg,
fg_akai_0_4_12.tlg,
fg_akai_0_4_13.tlg,
fg_akai_0_4_14.tlg,
fg_akai_0_4_15.tlg,
fg_akai_0_4_16.tlg,
fg_akai_0_4_17.tlg,
fg_akai_0_4_18.tlg,
fg_akai_0_4_19.tlg,
fg_akai_0_4_20.tlg,
fg_akai_0_4_21.tlg,
fg_akai_0_4_22.tlg,
fg_akai_0_4_23.tlg,
fg_akai_0_4_24.tlg,
fg_akai_0_4_25.tlg,
fg_akai_0_4_26.tlg,
fg_akai_0_4_27.tlg,
fg_akai_0_4_28.tlg,
fg_akai_0_4_29.tlg,
fg_akai_0_4_30.tlg,
fg_akai_0_4_31.tlg,
fg_akai_0_4_32.tlg,
fg_akai_0_4_33.tlg,
fg_akai_0_4_34.tlg,
fg_akai_0_4_35.tlg,
fg_akai_0_4_36.tlg,
fg_akai_0_4_37.tlg,
fg_akai_0_4_38.tlg,
fg_akai_0_7.tjs
fg_akai_0_7_0.tlg,
fg_akai_0_7_1.tlg,
fg_akai_0_7_2.tlg,
fg_akai_0_7_3.tlg,
fg_akai_0_7_4.tlg,
fg_akai_0_7_5.tlg,
fg_akai_0_7_6.tlg,
fg_akai_0_7_7.tlg,
fg_akai_0_7_8.tlg,
fg_akai_0_7_9.tlg,
fg_akai_0_7_10.tlg,
fg_akai_0_7_11.tlg,
fg_akai_0_7_12.tlg,
fg_akai_0_7_13.tlg,
fg_akai_0_7_14.tlg,
fg_akai_0_7_15.tlg,
fg_akai_0_7_16.tlg,
fg_akai_0_7_17.tlg,
fg_akai_0_7_18.tlg,
fg_akai_0_7_19.tlg,
fg_akai_0_7_20.tlg,
fg_akai_0_7_21.tlg,
fg_akai_0_7_22.tlg,
fg_akai_0_7_23.tlg,
fg_akai_0_7_24.tlg,
fg_akai_0_7_25.tlg,
fg_akai_0_7_26.tlg,
fg_akai_0_7_27.tlg,
fg_akai_0_7_28.tlg,
fg_akai_0_7_29.tlg,
fg_akai_0_7_30.tlg,
fg_akai_0_7_31.tlg,
fg_akai_0_7_32.tlg,
fg_akai_0_7_33.tlg,
fg_akai_0_7_34.tlg,
fg_akai_0_7_35.tlg,
fg_akai_0_7_36.tlg,
fg_akai_0_7_37.tlg,
fg_akai_0_7_38.tlg,
fg_akai_0_8.tjs
fg_akai_0_8_0.tlg,
fg_akai_0_8_1.tlg,
fg_akai_0_8_2.tlg,
fg_akai_0_8_3.tlg,
fg_akai_0_8_4.tlg,
fg_akai_0_8_5.tlg,
fg_akai_0_8_6.tlg,
fg_akai_0_8_7.tlg,
fg_akai_0_8_8.tlg,
fg_akai_0_8_9.tlg,
fg_akai_0_8_10.tlg,
fg_akai_0_8_11.tlg,
fg_akai_0_8_12.tlg,
fg_akai_0_8_13.tlg,
fg_akai_0_8_14.tlg,
fg_akai_0_8_15.tlg,
fg_akai_0_8_16.tlg,
fg_akai_0_8_17.tlg,
fg_akai_0_8_18.tlg,
fg_akai_0_8_19.tlg,
fg_akai_0_8_20.tlg,
fg_akai_0_8_21.tlg,
fg_akai_0_8_22.tlg,
fg_akai_0_8_23.tlg,
fg_akai_0_8_24.tlg,
fg_akai_0_8_25.tlg,
fg_akai_0_8_26.tlg,
fg_akai_0_8_27.tlg,
fg_akai_0_8_28.tlg,
fg_akai_0_8_29.tlg,
fg_akai_0_8_30.tlg,
fg_akai_0_8_31.tlg,
fg_akai_0_8_32.tlg,
fg_akai_0_8_33.tlg,
fg_akai_0_8_34.tlg,
fg_akai_0_8_35.tlg,
fg_akai_0_8_36.tlg,
fg_akai_0_8_37.tlg,
fg_akai_0_8_38.tlg,
fg_reika_0_2.tjs
fg_reika_0_2_0.tlg,
fg_reika_0_2_1.tlg,
fg_reika_0_2_2.tlg,
fg_reika_0_2_3.tlg,
fg_reika_0_2_4.tlg,
fg_reika_0_2_5.tlg,
fg_reika_0_2_6.tlg,
fg_reika_0_2_7.tlg,
fg_reika_0_2_8.tlg,
fg_reika_0_2_9.tlg,
fg_reika_0_2_10.tlg,
fg_reika_0_2_11.tlg,
fg_reika_0_2_12.tlg,
fg_reika_0_2_13.tlg,
fg_reika_0_2_14.tlg,
fg_reika_0_2_15.tlg,
fg_reika_0_2_16.tlg,
fg_reika_0_2_17.tlg,
fg_reika_0_2_18.tlg,
fg_reika_0_2_19.tlg,
fg_reika_0_2_20.tlg,
fg_reika_0_2_21.tlg,
fg_reika_0_2_22.tlg,
fg_reika_0_2_23.tlg,
fg_reika_0_2_24.tlg,
fg_reika_0_2_25.tlg,
fg_reika_0_2_26.tlg,
fg_reika_0_2_27.tlg,
fg_reika_0_2_28.tlg,
fg_reika_0_2_29.tlg,
fg_reika_0_2_30.tlg,
fg_reika_0_2_31.tlg,
fg_reika_0_2_32.tlg,
fg_reika_0_2_33.tlg,
fg_reika_0_2_34.tlg,
fg_reika_0_2_35.tlg,
fg_reika_0_2_36.tlg,
fg_reika_0_2_37.tlg,
fg_reika_0_2_38.tlg,
fg_reika_0_2_39.tlg,
fg_reika_0_2_40.tlg,
fg_reika_0_2_41.tlg,
fg_reika_0_2_42.tlg,
fg_reika_0_2_43.tlg,
fg_reika_0_2_44.tlg,
fg_reika_0_2_45.tlg,
fg_reika_0_2_46.tlg,
fg_reika_0_2_47.tlg,
fg_reika_0_2_48.tlg,
fg_reika_0_2_49.tlg,
fg_reika_0_2_50.tlg,
fg_reika_0_2_51.tlg,
fg_reika_0_2_52.tlg,
fg_reika_0_2_53.tlg,
fg_reika_0_2_54.tlg,
fg_reika_0_2_55.tlg,
fg_reika_0_2_56.tlg,
fg_reika_0_2_57.tlg,
fg_reika_0_4.tjs
fg_reika_0_4_0.tlg,
fg_reika_0_4_1.tlg,
fg_reika_0_4_2.tlg,
fg_reika_0_4_3.tlg,
fg_reika_0_4_4.tlg,
fg_reika_0_4_5.tlg,
fg_reika_0_4_6.tlg,
fg_reika_0_4_7.tlg,
fg_reika_0_4_8.tlg,
fg_reika_0_4_9.tlg,
fg_reika_0_4_10.tlg,
fg_reika_0_4_11.tlg,
fg_reika_0_4_12.tlg,
fg_reika_0_4_13.tlg,
fg_reika_0_4_14.tlg,
fg_reika_0_4_15.tlg,
fg_reika_0_4_16.tlg,
fg_reika_0_4_17.tlg,
fg_reika_0_4_18.tlg,
fg_reika_0_4_19.tlg,
fg_reika_0_4_20.tlg,
fg_reika_0_4_21.tlg,
fg_reika_0_4_22.tlg,
fg_reika_0_4_23.tlg,
fg_reika_0_4_24.tlg,
fg_reika_0_4_25.tlg,
fg_reika_0_4_26.tlg,
fg_reika_0_4_27.tlg,
fg_reika_0_4_28.tlg,
fg_reika_0_4_29.tlg,
fg_reika_0_4_30.tlg,
fg_reika_0_4_31.tlg,
fg_reika_0_4_32.tlg,
fg_reika_0_4_33.tlg,
fg_reika_0_4_34.tlg,
fg_reika_0_4_35.tlg,
fg_reika_0_4_36.tlg,
fg_reika_0_4_37.tlg,
fg_reika_0_4_38.tlg,
fg_reika_0_4_39.tlg,
fg_reika_0_4_40.tlg,
fg_reika_0_4_41.tlg,
fg_reika_0_4_42.tlg,
fg_reika_0_4_43.tlg,
fg_reika_0_4_44.tlg,
fg_reika_0_4_45.tlg,
fg_reika_0_4_46.tlg,
fg_reika_0_4_47.tlg,
fg_reika_0_4_48.tlg,
fg_reika_0_4_49.tlg,
fg_reika_0_4_50.tlg,
fg_reika_0_4_51.tlg,
fg_reika_0_4_52.tlg,
fg_reika_0_4_53.tlg,
fg_reika_0_4_54.tlg,
fg_reika_0_4_55.tlg,
fg_reika_0_4_56.tlg,
fg_reika_0_4_57.tlg,
fg_reika_0_7.tjs
fg_reika_0_7_0.tlg,
fg_reika_0_7_1.tlg,
fg_reika_0_7_2.tlg,
fg_reika_0_7_3.tlg,
fg_reika_0_7_4.tlg,
fg_reika_0_7_5.tlg,
fg_reika_0_7_6.tlg,
fg_reika_0_7_7.tlg,
fg_reika_0_7_8.tlg,
fg_reika_0_7_9.tlg,
fg_reika_0_7_10.tlg,
fg_reika_0_7_11.tlg,
fg_reika_0_7_12.tlg,
fg_reika_0_7_13.tlg,
fg_reika_0_7_14.tlg,
fg_reika_0_7_15.tlg,
fg_reika_0_7_16.tlg,
fg_reika_0_7_17.tlg,
fg_reika_0_7_18.tlg,
fg_reika_0_7_19.tlg,
fg_reika_0_7_20.tlg,
fg_reika_0_7_21.tlg,
fg_reika_0_7_22.tlg,
fg_reika_0_7_23.tlg,
fg_reika_0_7_24.tlg,
fg_reika_0_7_25.tlg,
fg_reika_0_7_26.tlg,
fg_reika_0_7_27.tlg,
fg_reika_0_7_28.tlg,
fg_reika_0_7_29.tlg,
fg_reika_0_7_30.tlg,
fg_reika_0_7_31.tlg,
fg_reika_0_7_32.tlg,
fg_reika_0_7_33.tlg,
fg_reika_0_7_34.tlg,
fg_reika_0_7_35.tlg,
fg_reika_0_7_36.tlg,
fg_reika_0_7_37.tlg,
fg_reika_0_7_38.tlg,
fg_reika_0_7_39.tlg,
fg_reika_0_7_40.tlg,
fg_reika_0_7_41.tlg,
fg_reika_0_7_42.tlg,
fg_reika_0_7_43.tlg,
fg_reika_0_7_44.tlg,
fg_reika_0_7_45.tlg,
fg_reika_0_7_46.tlg,
fg_reika_0_7_47.tlg,
fg_reika_0_7_48.tlg,
fg_reika_0_7_49.tlg,
fg_reika_0_7_50.tlg,
fg_reika_0_7_51.tlg,
fg_reika_0_7_52.tlg,
fg_reika_0_7_53.tlg,
fg_reika_0_7_54.tlg,
fg_reika_0_7_55.tlg,
fg_reika_0_7_56.tlg,
fg_reika_0_7_57.tlg,
fg_reika_0_8.tjs
fg_reika_0_8_0.tlg,
fg_reika_0_8_1.tlg,
fg_reika_0_8_2.tlg,
fg_reika_0_8_3.tlg,
fg_reika_0_8_4.tlg,
fg_reika_0_8_5.tlg,
fg_reika_0_8_6.tlg,
fg_reika_0_8_7.tlg,
fg_reika_0_8_8.tlg,
fg_reika_0_8_9.tlg,
fg_reika_0_8_10.tlg,
fg_reika_0_8_11.tlg,
fg_reika_0_8_12.tlg,
fg_reika_0_8_13.tlg,
fg_reika_0_8_14.tlg,
fg_reika_0_8_15.tlg,
fg_reika_0_8_16.tlg,
fg_reika_0_8_17.tlg,
fg_reika_0_8_18.tlg,
fg_reika_0_8_19.tlg,
fg_reika_0_8_20.tlg,
fg_reika_0_8_21.tlg,
fg_reika_0_8_22.tlg,
fg_reika_0_8_23.tlg,
fg_reika_0_8_24.tlg,
fg_reika_0_8_25.tlg,
fg_reika_0_8_26.tlg,
fg_reika_0_8_27.tlg,
fg_reika_0_8_28.tlg,
fg_reika_0_8_29.tlg,
fg_reika_0_8_30.tlg,
fg_reika_0_8_31.tlg,
fg_reika_0_8_32.tlg,
fg_reika_0_8_33.tlg,
fg_reika_0_8_34.tlg,
fg_reika_0_8_35.tlg,
fg_reika_0_8_36.tlg,
fg_reika_0_8_37.tlg,
fg_reika_0_8_38.tlg,
fg_reika_0_8_39.tlg,
fg_reika_0_8_40.tlg,
fg_reika_0_8_41.tlg,
fg_reika_0_8_42.tlg,
fg_reika_0_8_43.tlg,
fg_reika_0_8_44.tlg,
fg_reika_0_8_45.tlg,
fg_reika_0_8_46.tlg,
fg_reika_0_8_47.tlg,
fg_reika_0_8_48.tlg,
fg_reika_0_8_49.tlg,
fg_reika_0_8_50.tlg,
fg_reika_0_8_51.tlg,
fg_reika_0_8_52.tlg,
fg_reika_0_8_53.tlg,
fg_reika_0_8_54.tlg,
fg_reika_0_8_55.tlg,
fg_reika_0_8_56.tlg,
fg_reika_0_8_57.tlg,
fg_reika_1_2.tjs
fg_reika_1_2_0.tlg,
fg_reika_1_2_1.tlg,
fg_reika_1_2_2.tlg,
fg_reika_1_2_3.tlg,
fg_reika_1_2_4.tlg,
fg_reika_1_2_5.tlg,
fg_reika_1_2_6.tlg,
fg_reika_1_2_7.tlg,
fg_reika_1_2_8.tlg,
fg_reika_1_2_9.tlg,
fg_reika_1_2_10.tlg,
fg_reika_1_2_11.tlg,
fg_reika_1_2_12.tlg,
fg_reika_1_2_13.tlg,
fg_reika_1_2_14.tlg,
fg_reika_1_2_15.tlg,
fg_reika_1_2_16.tlg,
fg_reika_1_2_17.tlg,
fg_reika_1_2_18.tlg,
fg_reika_1_2_19.tlg,
fg_reika_1_2_20.tlg,
fg_reika_1_2_21.tlg,
fg_reika_1_2_22.tlg,
fg_reika_1_2_23.tlg,
fg_reika_1_2_24.tlg,
fg_reika_1_2_25.tlg,
fg_reika_1_2_26.tlg,
fg_reika_1_2_27.tlg,
fg_reika_1_2_28.tlg,
fg_reika_1_2_29.tlg,
fg_reika_1_2_30.tlg,
fg_reika_1_2_31.tlg,
fg_reika_1_2_32.tlg,
fg_reika_1_2_33.tlg,
fg_reika_1_2_34.tlg,
fg_reika_1_2_35.tlg,
fg_reika_1_2_36.tlg,
fg_reika_1_2_37.tlg,
fg_reika_1_2_38.tlg,
fg_reika_1_2_39.tlg,
fg_reika_1_2_40.tlg,
fg_reika_1_2_41.tlg,
fg_reika_1_2_42.tlg,
fg_reika_1_2_43.tlg,
fg_reika_1_2_44.tlg,
fg_reika_1_2_45.tlg,
fg_reika_1_2_46.tlg,
fg_reika_1_2_47.tlg,
fg_reika_1_2_48.tlg,
fg_reika_1_2_49.tlg,
fg_reika_1_2_50.tlg,
fg_reika_1_2_51.tlg,
fg_reika_1_2_52.tlg,
fg_reika_1_2_53.tlg,
fg_reika_1_2_54.tlg,
fg_reika_1_2_55.tlg,
fg_reika_1_2_56.tlg,
fg_reika_1_4.tjs
fg_reika_1_4_0.tlg,
fg_reika_1_4_1.tlg,
fg_reika_1_4_2.tlg,
fg_reika_1_4_3.tlg,
fg_reika_1_4_4.tlg,
fg_reika_1_4_5.tlg,
fg_reika_1_4_6.tlg,
fg_reika_1_4_7.tlg,
fg_reika_1_4_8.tlg,
fg_reika_1_4_9.tlg,
fg_reika_1_4_10.tlg,
fg_reika_1_4_11.tlg,
fg_reika_1_4_12.tlg,
fg_reika_1_4_13.tlg,
fg_reika_1_4_14.tlg,
fg_reika_1_4_15.tlg,
fg_reika_1_4_16.tlg,
fg_reika_1_4_17.tlg,
fg_reika_1_4_18.tlg,
fg_reika_1_4_19.tlg,
fg_reika_1_4_20.tlg,
fg_reika_1_4_21.tlg,
fg_reika_1_4_22.tlg,
fg_reika_1_4_23.tlg,
fg_reika_1_4_24.tlg,
fg_reika_1_4_25.tlg,
fg_reika_1_4_26.tlg,
fg_reika_1_4_27.tlg,
fg_reika_1_4_28.tlg,
fg_reika_1_4_29.tlg,
fg_reika_1_4_30.tlg,
fg_reika_1_4_31.tlg,
fg_reika_1_4_32.tlg,
fg_reika_1_4_33.tlg,
fg_reika_1_4_34.tlg,
fg_reika_1_4_35.tlg,
fg_reika_1_4_36.tlg,
fg_reika_1_4_37.tlg,
fg_reika_1_4_38.tlg,
fg_reika_1_4_39.tlg,
fg_reika_1_4_40.tlg,
fg_reika_1_4_41.tlg,
fg_reika_1_4_42.tlg,
fg_reika_1_4_43.tlg,
fg_reika_1_4_44.tlg,
fg_reika_1_4_45.tlg,
fg_reika_1_4_46.tlg,
fg_reika_1_4_47.tlg,
fg_reika_1_4_48.tlg,
fg_reika_1_4_49.tlg,
fg_reika_1_4_50.tlg,
fg_reika_1_4_51.tlg,
fg_reika_1_4_52.tlg,
fg_reika_1_4_53.tlg,
fg_reika_1_4_54.tlg,
fg_reika_1_4_55.tlg,
fg_reika_1_4_56.tlg,
fg_reika_1_7.tjs
fg_reika_1_7_0.tlg,
fg_reika_1_7_1.tlg,
fg_reika_1_7_2.tlg,
fg_reika_1_7_3.tlg,
fg_reika_1_7_4.tlg,
fg_reika_1_7_5.tlg,
fg_reika_1_7_6.tlg,
fg_reika_1_7_7.tlg,
fg_reika_1_7_8.tlg,
fg_reika_1_7_9.tlg,
fg_reika_1_7_10.tlg,
fg_reika_1_7_11.tlg,
fg_reika_1_7_12.tlg,
fg_reika_1_7_13.tlg,
fg_reika_1_7_14.tlg,
fg_reika_1_7_15.tlg,
fg_reika_1_7_16.tlg,
fg_reika_1_7_17.tlg,
fg_reika_1_7_18.tlg,
fg_reika_1_7_19.tlg,
fg_reika_1_7_20.tlg,
fg_reika_1_7_21.tlg,
fg_reika_1_7_22.tlg,
fg_reika_1_7_23.tlg,
fg_reika_1_7_24.tlg,
fg_reika_1_7_25.tlg,
fg_reika_1_7_26.tlg,
fg_reika_1_7_27.tlg,
fg_reika_1_7_28.tlg,
fg_reika_1_7_29.tlg,
fg_reika_1_7_30.tlg,
fg_reika_1_7_31.tlg,
fg_reika_1_7_32.tlg,
fg_reika_1_7_33.tlg,
fg_reika_1_7_34.tlg,
fg_reika_1_7_35.tlg,
fg_reika_1_7_36.tlg,
fg_reika_1_7_37.tlg,
fg_reika_1_7_38.tlg,
fg_reika_1_7_39.tlg,
fg_reika_1_7_40.tlg,
fg_reika_1_7_41.tlg,
fg_reika_1_7_42.tlg,
fg_reika_1_7_43.tlg,
fg_reika_1_7_44.tlg,
fg_reika_1_7_45.tlg,
fg_reika_1_7_46.tlg,
fg_reika_1_7_47.tlg,
fg_reika_1_7_48.tlg,
fg_reika_1_7_49.tlg,
fg_reika_1_7_50.tlg,
fg_reika_1_7_51.tlg,
fg_reika_1_7_52.tlg,
fg_reika_1_7_53.tlg,
fg_reika_1_7_54.tlg,
fg_reika_1_7_55.tlg,
fg_reika_1_7_56.tlg,
fg_reika_1_8.tjs
fg_reika_1_8_0.tlg,
fg_reika_1_8_1.tlg,
fg_reika_1_8_2.tlg,
fg_reika_1_8_3.tlg,
fg_reika_1_8_4.tlg,
fg_reika_1_8_5.tlg,
fg_reika_1_8_6.tlg,
fg_reika_1_8_7.tlg,
fg_reika_1_8_8.tlg,
fg_reika_1_8_9.tlg,
fg_reika_1_8_10.tlg,
fg_reika_1_8_11.tlg,
fg_reika_1_8_12.tlg,
fg_reika_1_8_13.tlg,
fg_reika_1_8_14.tlg,
fg_reika_1_8_15.tlg,
fg_reika_1_8_16.tlg,
fg_reika_1_8_17.tlg,
fg_reika_1_8_18.tlg,
fg_reika_1_8_19.tlg,
fg_reika_1_8_20.tlg,
fg_reika_1_8_21.tlg,
fg_reika_1_8_22.tlg,
fg_reika_1_8_23.tlg,
fg_reika_1_8_24.tlg,
fg_reika_1_8_25.tlg,
fg_reika_1_8_26.tlg,
fg_reika_1_8_27.tlg,
fg_reika_1_8_28.tlg,
fg_reika_1_8_29.tlg,
fg_reika_1_8_30.tlg,
fg_reika_1_8_31.tlg,
fg_reika_1_8_32.tlg,
fg_reika_1_8_33.tlg,
fg_reika_1_8_34.tlg,
fg_reika_1_8_35.tlg,
fg_reika_1_8_36.tlg,
fg_reika_1_8_37.tlg,
fg_reika_1_8_38.tlg,
fg_reika_1_8_39.tlg,
fg_reika_1_8_40.tlg,
fg_reika_1_8_41.tlg,
fg_reika_1_8_42.tlg,
fg_reika_1_8_43.tlg,
fg_reika_1_8_44.tlg,
fg_reika_1_8_45.tlg,
fg_reika_1_8_46.tlg,
fg_reika_1_8_47.tlg,
fg_reika_1_8_48.tlg,
fg_reika_1_8_49.tlg,
fg_reika_1_8_50.tlg,
fg_reika_1_8_51.tlg,
fg_reika_1_8_52.tlg,
fg_reika_1_8_53.tlg,
fg_reika_1_8_54.tlg,
fg_reika_1_8_55.tlg,
fg_reika_1_8_56.tlg,
fg_reika_2_2.tjs
fg_reika_2_2_0.tlg,
fg_reika_2_2_1.tlg,
fg_reika_2_2_2.tlg,
fg_reika_2_2_3.tlg,
fg_reika_2_2_4.tlg,
fg_reika_2_2_5.tlg,
fg_reika_2_2_6.tlg,
fg_reika_2_2_7.tlg,
fg_reika_2_2_8.tlg,
fg_reika_2_2_9.tlg,
fg_reika_2_2_10.tlg,
fg_reika_2_2_11.tlg,
fg_reika_2_2_12.tlg,
fg_reika_2_2_13.tlg,
fg_reika_2_2_14.tlg,
fg_reika_2_2_15.tlg,
fg_reika_2_2_16.tlg,
fg_reika_2_2_17.tlg,
fg_reika_2_2_18.tlg,
fg_reika_2_2_19.tlg,
fg_reika_2_2_20.tlg,
fg_reika_2_2_21.tlg,
fg_reika_2_2_22.tlg,
fg_reika_2_2_23.tlg,
fg_reika_2_2_24.tlg,
fg_reika_2_2_25.tlg,
fg_reika_2_2_26.tlg,
fg_reika_2_2_27.tlg,
fg_reika_2_2_28.tlg,
fg_reika_2_2_29.tlg,
fg_reika_2_2_30.tlg,
fg_reika_2_2_31.tlg,
fg_reika_2_2_32.tlg,
fg_reika_2_2_33.tlg,
fg_reika_2_2_34.tlg,
fg_reika_2_2_35.tlg,
fg_reika_2_2_36.tlg,
fg_reika_2_2_37.tlg,
fg_reika_2_2_38.tlg,
fg_reika_2_2_39.tlg,
fg_reika_2_2_40.tlg,
fg_reika_2_2_41.tlg,
fg_reika_2_2_42.tlg,
fg_reika_2_2_43.tlg,
fg_reika_2_2_44.tlg,
fg_reika_2_2_45.tlg,
fg_reika_2_2_46.tlg,
fg_reika_2_2_47.tlg,
fg_reika_2_2_48.tlg,
fg_reika_2_2_49.tlg,
fg_reika_2_2_50.tlg,
fg_reika_2_2_51.tlg,
fg_reika_2_2_52.tlg,
fg_reika_2_2_53.tlg,
fg_reika_2_2_54.tlg,
fg_reika_2_2_55.tlg,
fg_reika_2_2_56.tlg,
fg_reika_2_2_57.tlg,
fg_reika_2_2_58.tlg,
fg_reika_2_2_59.tlg,
fg_reika_2_4.tjs
fg_reika_2_4_0.tlg,
fg_reika_2_4_1.tlg,
fg_reika_2_4_2.tlg,
fg_reika_2_4_3.tlg,
fg_reika_2_4_4.tlg,
fg_reika_2_4_5.tlg,
fg_reika_2_4_6.tlg,
fg_reika_2_4_7.tlg,
fg_reika_2_4_8.tlg,
fg_reika_2_4_9.tlg,
fg_reika_2_4_10.tlg,
fg_reika_2_4_11.tlg,
fg_reika_2_4_12.tlg,
fg_reika_2_4_13.tlg,
fg_reika_2_4_14.tlg,
fg_reika_2_4_15.tlg,
fg_reika_2_4_16.tlg,
fg_reika_2_4_17.tlg,
fg_reika_2_4_18.tlg,
fg_reika_2_4_19.tlg,
fg_reika_2_4_20.tlg,
fg_reika_2_4_21.tlg,
fg_reika_2_4_22.tlg,
fg_reika_2_4_23.tlg,
fg_reika_2_4_24.tlg,
fg_reika_2_4_25.tlg,
fg_reika_2_4_26.tlg,
fg_reika_2_4_27.tlg,
fg_reika_2_4_28.tlg,
fg_reika_2_4_29.tlg,
fg_reika_2_4_30.tlg,
fg_reika_2_4_31.tlg,
fg_reika_2_4_32.tlg,
fg_reika_2_4_33.tlg,
fg_reika_2_4_34.tlg,
fg_reika_2_4_35.tlg,
fg_reika_2_4_36.tlg,
fg_reika_2_4_37.tlg,
fg_reika_2_4_38.tlg,
fg_reika_2_4_39.tlg,
fg_reika_2_4_40.tlg,
fg_reika_2_4_41.tlg,
fg_reika_2_4_42.tlg,
fg_reika_2_4_43.tlg,
fg_reika_2_4_44.tlg,
fg_reika_2_4_45.tlg,
fg_reika_2_4_46.tlg,
fg_reika_2_4_47.tlg,
fg_reika_2_4_48.tlg,
fg_reika_2_4_49.tlg,
fg_reika_2_4_50.tlg,
fg_reika_2_4_51.tlg,
fg_reika_2_4_52.tlg,
fg_reika_2_4_53.tlg,
fg_reika_2_4_54.tlg,
fg_reika_2_4_55.tlg,
fg_reika_2_4_56.tlg,
fg_reika_2_4_57.tlg,
fg_reika_2_4_58.tlg,
fg_reika_2_4_59.tlg,
fg_reika_2_7.tjs
fg_reika_2_7_0.tlg,
fg_reika_2_7_1.tlg,
fg_reika_2_7_2.tlg,
fg_reika_2_7_3.tlg,
fg_reika_2_7_4.tlg,
fg_reika_2_7_5.tlg,
fg_reika_2_7_6.tlg,
fg_reika_2_7_7.tlg,
fg_reika_2_7_8.tlg,
fg_reika_2_7_9.tlg,
fg_reika_2_7_10.tlg,
fg_reika_2_7_11.tlg,
fg_reika_2_7_12.tlg,
fg_reika_2_7_13.tlg,
fg_reika_2_7_14.tlg,
fg_reika_2_7_15.tlg,
fg_reika_2_7_16.tlg,
fg_reika_2_7_17.tlg,
fg_reika_2_7_18.tlg,
fg_reika_2_7_19.tlg,
fg_reika_2_7_20.tlg,
fg_reika_2_7_21.tlg,
fg_reika_2_7_22.tlg,
fg_reika_2_7_23.tlg,
fg_reika_2_7_24.tlg,
fg_reika_2_7_25.tlg,
fg_reika_2_7_26.tlg,
fg_reika_2_7_27.tlg,
fg_reika_2_7_28.tlg,
fg_reika_2_7_29.tlg,
fg_reika_2_7_30.tlg,
fg_reika_2_7_31.tlg,
fg_reika_2_7_32.tlg,
fg_reika_2_7_33.tlg,
fg_reika_2_7_34.tlg,
fg_reika_2_7_35.tlg,
fg_reika_2_7_36.tlg,
fg_reika_2_7_37.tlg,
fg_reika_2_7_38.tlg,
fg_reika_2_7_39.tlg,
fg_reika_2_7_40.tlg,
fg_reika_2_7_41.tlg,
fg_reika_2_7_42.tlg,
fg_reika_2_7_43.tlg,
fg_reika_2_7_44.tlg,
fg_reika_2_7_45.tlg,
fg_reika_2_7_46.tlg,
fg_reika_2_7_47.tlg,
fg_reika_2_7_48.tlg,
fg_reika_2_7_49.tlg,
fg_reika_2_7_50.tlg,
fg_reika_2_7_51.tlg,
fg_reika_2_7_52.tlg,
fg_reika_2_7_53.tlg,
fg_reika_2_7_54.tlg,
fg_reika_2_7_55.tlg,
fg_reika_2_7_56.tlg,
fg_reika_2_7_57.tlg,
fg_reika_2_7_58.tlg,
fg_reika_2_7_59.tlg,
fg_reika_2_8.tjs
fg_reika_2_8_0.tlg,
fg_reika_2_8_1.tlg,
fg_reika_2_8_2.tlg,
fg_reika_2_8_3.tlg,
fg_reika_2_8_4.tlg,
fg_reika_2_8_5.tlg,
fg_reika_2_8_6.tlg,
fg_reika_2_8_7.tlg,
fg_reika_2_8_8.tlg,
fg_reika_2_8_9.tlg,
fg_reika_2_8_10.tlg,
fg_reika_2_8_11.tlg,
fg_reika_2_8_12.tlg,
fg_reika_2_8_13.tlg,
fg_reika_2_8_14.tlg,
fg_reika_2_8_15.tlg,
fg_reika_2_8_16.tlg,
fg_reika_2_8_17.tlg,
fg_reika_2_8_18.tlg,
fg_reika_2_8_19.tlg,
fg_reika_2_8_20.tlg,
fg_reika_2_8_21.tlg,
fg_reika_2_8_22.tlg,
fg_reika_2_8_23.tlg,
fg_reika_2_8_24.tlg,
fg_reika_2_8_25.tlg,
fg_reika_2_8_26.tlg,
fg_reika_2_8_27.tlg,
fg_reika_2_8_28.tlg,
fg_reika_2_8_29.tlg,
fg_reika_2_8_30.tlg,
fg_reika_2_8_31.tlg,
fg_reika_2_8_32.tlg,
fg_reika_2_8_33.tlg,
fg_reika_2_8_34.tlg,
fg_reika_2_8_35.tlg,
fg_reika_2_8_36.tlg,
fg_reika_2_8_37.tlg,
fg_reika_2_8_38.tlg,
fg_reika_2_8_39.tlg,
fg_reika_2_8_40.tlg,
fg_reika_2_8_41.tlg,
fg_reika_2_8_42.tlg,
fg_reika_2_8_43.tlg,
fg_reika_2_8_44.tlg,
fg_reika_2_8_45.tlg,
fg_reika_2_8_46.tlg,
fg_reika_2_8_47.tlg,
fg_reika_2_8_48.tlg,
fg_reika_2_8_49.tlg,
fg_reika_2_8_50.tlg,
fg_reika_2_8_51.tlg,
fg_reika_2_8_52.tlg,
fg_reika_2_8_53.tlg,
fg_reika_2_8_54.tlg,
fg_reika_2_8_55.tlg,
fg_reika_2_8_56.tlg,
fg_reika_2_8_57.tlg,
fg_reika_2_8_58.tlg,
fg_reika_2_8_59.tlg,
ev_reika_1.tlg
ev_reika_2.tlg
ev_sd_2.tlg
