00000000,６月１３日.BMP
00044EB8,６月１９日.BMP
00089D70,６月１日.BMP
000CEC28,６月２２日.BMP
00113AE0,６月５日.BMP
00158998,６月６日.BMP
0019D850,６月７日.BMP
001E2708,６月８日.BMP
002275C0,７月１０日.BMP
0026C478,７月１７日.BMP
002B1330,７月１８日.BMP
002F61E8,７月３１日.BMP
0033B0A0,８月１４日.BMP
0037FF58,８月２５日.BMP
003C4E10,８月２８日.BMP
00409CC8,８月２日.BMP
0044EB80,８月３日.BMP
00493A38,８月４日.BMP
004D88F0,ＥＤ０.BMP
005B9928,ＥＤ１.BMP
0069A960,ＥＤ２.BMP
0077B998,ＥＤ３.BMP
0085C9D0,ＥＤ４.BMP
0093DA08,ＥＤ５.BMP
00A1EA40,ＥＤ６.BMP
00AFFA78,ＥＤ７.BMP
00BE0AB0,ＥＤ８.BMP
00CC1AE8,ＥＤ９.BMP
00DA2B20,ＬＯＧＧ.BMP
00E83B58,ちび.BMP
00E9F400,まりあ水着ノーマルカメラ.BMP
00EE5308,まりあ制服すねる.BMP
00F29C8C,まりあ制服もじもじ.BMP
00F6E610,まりあ制服ノーマル.BMP
00FB4518,まりあ制服ノーマルカメラ本体.BMP
00FFA420,まりあ制服ノーマルカメラ目.BMP
0100D508,まりあ制服ノーマル目.bmp
010205F0,まりあ部屋.BMP
01101628,まりあ本番.BMP
011E2660,まりあ浴衣もじもじ.BMP
01230680,まりあ浴衣本番.BMP
013116B8,まりあ履歴.bmp
013F26F0,まりあＥＤ２.BMP
014D3728,まりあＥＤ.BMP
015B4760,まりあ制服ノーマルカメラ.BMP
015FA668,まりあもじもじ微笑.bmp
01612E20,まりあケツ.BMP
016F3E58,まりあノーマル微笑.bmp
0170A000,まりあプール.BMP
017EB038,まりあ教室.BMP
017F7064,まりあ水着ノーマル.BMP
0183CF6C,まりあ乳.BMP
0191DFA4,イタ飯屋前.BMP
019FEFDC,イタ飯屋中.BMP
01AE0014,タイトル.bmp
01BC104C,テキストウィンドウ.BMP
01BE7484,プール.BMP
01CC84BC,ホテルロビー.BMP
01DA94F4,ホテル部屋.BMP
01E8A52C,ホテル廊下.BMP
01F6B564,リオ制服顔.BMP
01F9769C,リオ制服感動.BMP
01FD7694,リオＥＤ２.BMP
020B86CC,リオＥＤ.BMP
02199704,リオのぞき顔.BMP
021C583C,リオへっ？.BMP
021F15B4,リオクンニ.BMP
022D25EC,リオシャワー.BMP
023B3624,リオノーマル.BMP
02407C5C,リオフェラ.BMP
024E8C94,リオ教室.BMP
025181A4,リオ水着怒.BMP
02575DDC,リオ水着怒２.BMP
025D3A14,リオ水着のぞき.BMP
02625ACC,リオ水着感動.BMP
02667504,リオ水着哀.BMP
026A8F3C,リオ水着へっ？.BMP
026FAFF4,リオ制服ノーマル.BMP
0274E36C,リオ制服喜.BMP
027A9A24,リオ制服怒.BMP
027FBADC,リオ制服楽.BMP
0283C254,リオ制服のぞき.BMP
0288E30C,リオ制服泣.BMP
028CFD44,リオ制服哀.BMP
0291177C,リオ制服へっ？.BMP
02963834,リオ制服恋.BMP
029AD5AC,リオ素股.BMP
02A8E5E4,リオ怒.BMP
02AB891C,リオ部屋着楽.BMP
02AF9094,リオ部屋着恋.BMP
02B42E0C,リオ部屋.BMP
02C23E44,リオ本番.BMP
02D04E7C,リオ履歴.bmp
02DE5EB4,運動場.BMP
02EC6EEC,屋上.BMP
02FA7F24,屋上２.BMP
03088F5C,屋上２夜.BMP
03169F94,屋上２夕.BMP
0324AFCC,屋上夜.BMP
0332C004,屋上夕.BMP
0340D03C,夏穂制服恋恋.BMP
0345BD94,夏穂ＥＤ２.BMP
0353CDCC,夏穂ＥＤ.BMP
0361DE04,夏穂ガン目.BMP
0363247C,夏穂キス目開き.BMP
037134B4,夏穂キス目閉じ.BMP
037F44EC,夏穂ノーマル.BMP
038D5524,夏穂ノーマル２目.BMP
038EA67C,夏穂フェラ.BMP
039CB6B4,夏穂モデル.BMP
03AAC6EC,夏穂教室.BMP
03AB63B4,夏穂私服恋.BMP
03B0510C,夏穂私服哀.BMP
03B593E4,夏穂私服ノーマル２.BMP
03BA8454,夏穂私服へっ？.BMP
03BF74C4,夏穂私服ガン目.BMP
03C0B5CC,夏穂私服ノーマル２目閉じ.BMP
03C5A63C,夏穂私服照.BMP
03CA9394,夏穂水着恋.BMP
03CF80EC,夏穂水着照.BMP
03D46E44,夏穂水着ノーマル２.BMP
03D95EB4,夏穂制服ノーマル.BMP
03DF21CC,夏穂制服恋.BMP
03E40F24,夏穂制服照.BMP
03E8FC7C,夏穂制服ガン.BMP
03EDECEC,夏穂制服へっ？.BMP
03F2DD5C,夏穂制服ノーマル２.BMP
03F7CDCC,夏穂制服ノーマル２目閉じ.BMP
03FCBE3C,夏穂制服哀考.BMP
04020114,夏穂制服哀悲.BMP
040743EC,夏穂部屋着ノーマル２.BMP
040C345C,夏穂部屋着ノーマル２へっ？.BMP
041124CC,夏穂部屋着ノーマル２目閉じ.BMP
0416153C,夏穂部屋.BMP
04242574,夏穂本番２.BMP
043235AC,夏穂本番.BMP
044045E4,夏穂履歴.bmp
044E561C,夏穂恋.BMP
0455106C,海イベント.BMP
046320A4,海岸昼.BMP
047130DC,海岸夜.BMP
047F4114,海岸夕.BMP
048D514C,海車窓.BMP
049B6184,街角.BMP
04A971BC,街角雨.BMP
04B781F4,教室.BMP
04C5922C,教室昼.BMP
04D3A264,教室夜.BMP
04E1B29C,教室廊下.BMP
04EFC2D4,響子部屋着ノーマル.BMP
04F4EF2C,響子部屋着恥２.BMP
04F6AEF4,響子制服哀.BMP
04FB76FC,響子部屋着恥.BMP
05005314,響子部屋着ノーマル２赤.BMP
05052F2C,響子制服通常２カメラ.BMP
0509F734,響子制服ノーマル２カメラ.BMP
050EBF3C,響子制服ノーマル２目そらし.BMP
05138744,響子部屋着ノーマル２目そらし.BMP
0518635C,響子部屋着哀.BMP
051D3F74,響子ＥＤ２.BMP
052B4FAC,響子ＥＤ.BMP
05395FE4,響子へっ？.BMP
053EA01C,響子クンニ.BMP
054CB054,響子ノーマル.BMP
0551A07C,響子ノーマル２.BMP
0556E0B4,響子哀.BMP
055C20EC,響子下着.BMP
056A3124,響子楽.BMP
056F715C,響子教室.BMP
05707544,響子傘.BMP
057E857C,響子水着ノーマル２.BMP
05836194,響子水着怒.BMP
058BC47C,響子水着ノーマル２目そらし.BMP
0590A094,響子水着哀.BMP
05957CAC,響子制服ノーマル２.BMP
059A58C4,響子制服楽.BMP
05A1669C,響子制服笑.BMP
05A84C54,響子制服恥.BMP
05AD145C,響子制服恋.BMP
05B22CA4,響子制服ノーマル裏.BMP
05B758FC,響子制服ノーマルカメラ.BMP
05BC8554,響子制服怒.BMP
05C4E83C,響子制服ノーマル.BMP
05CA1494,響子恥.BMP
05CF54CC,響子怒.BMP
05D49504,響子部屋着ノーマル２.BMP
05D9711C,響子部屋着楽.BMP
05E056D4,響子部屋着笑.BMP
05E73C8C,響子部屋着恋.BMP
05EC54D4,響子部屋昼.BMP
05FA650C,響子部屋夜.BMP
06087544,響子部屋着ノーマルカメラ.BMP
060DA19C,響子部屋着ノーマル裏.BMP
0612CDF4,響子部屋着怒.BMP
061B30DC,響子部屋.BMP
06294114,響子本番２.BMP
0637514C,響子本番.BMP
06456184,響子履歴.BMP
065371BC,響子料理.BMP
066181F4,響子恋.BMP
0666C22C,校門前夜.BMP
0674D264,校門表.bmp
0682E29C,校門裏.bmp
0690F2D4,校門裏ぶれ.bmp
069F030C,校門裏雨.BMP
06AD1344,校門裏赤.bmp
06BB237C,校門裏白.bmp
06C933B4,主人公.BMP
06D18D6C,主人公家前.BMP
06DF9DA4,主人公部屋.BMP
06EDADDC,主人公部屋夜.BMP
06FBBE14,主人公家.bmp
0709CE4C,宿直室.BMP
0717DE84,宿直室昼.BMP
0725EEBC,宿直室夜.BMP
0733FEF4,職員室.BMP
07420F2C,真っ暗.BMP
07501F62,真っ白.BMP
075E2F9A,青空.BMP
076C3FD2,選択ウィンドウ.BMP
076CE80A,大学事務室.bmp
077AF842,中庭.BMP
0789087A,中庭夜.BMP
079718B2,並木道.BMP
07A528E8,保健室.BMP
07B33920,保健室中.BMP
07C14958,面接室.bmp
07CF5990,面接室廊下前.BMP
07DD69C8,面接室１.bmp
07EB7A00,面接室２.bmp
07F98A38,面接室３.bmp
08079A70,由宇香夏穂余韻.BMP
0815AAA8,由宇香教室.BMP
0817023C,由宇香私服ノーマル.BMP
081B8FF4,由宇香襲撃.BMP
0829A02C,由宇香上目.BMP
082EE064,由宇香水着ノーマル.BMP
08336E1C,由宇香制服ノーマル.BMP
0837FBD4,由宇香部屋.bmp
08460C0C,由宇香部屋着ノーマル.BMP
084A99C4,由宇香本番.BMP
0858A9FC,由宇香履歴.bmp
0866BA34,由宇香ＥＤ２.BMP
0874CA6C,由宇香制服怒り.BMP
08795824,由宇香制服恋.BMP
087D6848,由宇香制服哀.BMP
0881C9FC,由宇香制服へっ？.BMP
08862BB0,由宇香へっ？目.BMP
08878560,由宇香制服怒.BMP
088B9584,由宇香制服泣.BMP
088FF738,由宇香部屋着恋.BMP
0894075C,由宇香部屋着哀.BMP
08986910,由宇香青哀.BMP
089CCAC4,由宇香青恋.BMP
08A0DAE8,由宇香水着怒.BMP
08A4EB0C,由宇香水着恋.BMP
08A8FB30,由宇香私服恋.BMP
08AD0B54,由宇香部屋着怒.BMP
08B11B78,由宇香部屋着へっ？.BMP
08B57D2C,由宇香水着哀.BMP
08B9DEE0,由宇香私服哀.BMP
08BE4094,由宇香青怒.BMP
08C250B8,由宇香ＥＤ.BMP
08D060F0,由宇香エッチ.BMP
08DE7128,由宇香ノーマル.BMP
08E2EA10,由宇香フェラ.BMP
08F0FA48,由宇香夏穂.BMP
08FF0A80,由宇香夏穂６９.BMP
090D1AB8,由宇香夏穂いじり.BMP
091B2AF0,由宇香夏穂クンニ.BMP
09293B28,由宇香哀.BMP
092E7B60,由宇香怒.BMP
0933BB98,由宇香恋.BMP
0938FBD0,夕焼け校舎.BMP
09470C08,理事長執務室.BMP
09551C40,理事長室夜.BMP
09632C78,理事長室.BMP
09713CB0,裏響子.BMP
09767CE8,裏響子制服.BMP
097C6BE0,裏響子部屋着.BMP
09825AD8,裏庭.bmp
09906B10,裏庭２.bmp
099E7B48,裏庭３.bmp
09AC8B80,寮廊下.bmp
09BA9BB8,麗那ＥＤ２.BMP
09C8ABF0,麗那ＥＤ.BMP
09D6BC28,麗那Ｈ前.BMP
09E4CC60,麗那ノーマル外し.BMP
09E67C74,麗那パンチラ.BMP
09F48CAC,麗那フェラ.BMP
0A029CE4,麗那夏服喜.BMP
0A07E31C,麗那学校用ノーマル.BMP
0A0F2ED4,麗那学校用喜.BMP
0A14750C,麗那学校用困.BMP
0A1A1544,麗那学校用恋.BMP
0A1FB57C,麗那喜外し.BMP
0A20E844,麗那困.BMP
0A26287C,麗那困外し.BMP
0A273F9C,麗那困にらむ.BMP
0A28A1D4,麗那前戯.BMP
0A36B20C,麗那普段着ノーマル.BMP
0A3DFDC4,麗那普段着喜.BMP
0A4343FC,麗那普段着困.BMP
0A48E434,麗那普段着疲.BMP
0A4E846C,麗那本番.BMP
0A5C94A4,麗那面接.BMP
0A6AA4DC,路地裏.BMP
0A78B514,路地裏夜２.BMP
0A86C54C,路地裏夜.BMP
0A94D584,廊下.bmp
0AA2E5BC,廊下夜.BMP
0AB0F5F4
